2018-09-27 09:24:22 Error: [MissingControllerException] Controller class CssController could not be found.
Exception Attributes: array (
  'class' => 'CssController',
  'plugin' => NULL,
)
Request URL: /cakephp/css/css_dashboard/simple-sidebar.css
Stack Trace:
#0 E:\xampp\htdocs\cakephp\app\webroot\index.php(117): Dispatcher->dispatch(Object(CakeRequest), Object(CakeResponse))
#1 {main}
2018-09-27 09:24:22 Error: [MissingControllerException] Controller class CssController could not be found.
Exception Attributes: array (
  'class' => 'CssController',
  'plugin' => NULL,
)
Request URL: /cakephp/css/vendor/bootstrap/css/bootstrap.min.css
Stack Trace:
#0 E:\xampp\htdocs\cakephp\app\webroot\index.php(117): Dispatcher->dispatch(Object(CakeRequest), Object(CakeResponse))
#1 {main}
2018-09-27 09:25:37 Error: [MissingControllerException] Controller class CssController could not be found.
Exception Attributes: array (
  'class' => 'CssController',
  'plugin' => NULL,
)
Request URL: /cakephp/css/css_dashboard/simple-sidebar.css
Stack Trace:
#0 E:\xampp\htdocs\cakephp\app\webroot\index.php(117): Dispatcher->dispatch(Object(CakeRequest), Object(CakeResponse))
#1 {main}
main}
2018-09-27 09:26:30 Error: [MissingControllerException] Controller class CssController could not be found.
Exception Attributes: array (
  'class' => 'CssController',
  'plugin' => NULL,
)
Request URL: /cakephp/css/css_dashboard/simple-sidebar.css
Stack Trace:
#0 E:\xampp\htdocs\cakephp\app\webroot\index.php(117): Dispatcher->dispatch(Object(CakeRequest), Object(CakeResponse))
#1 {main}
2018-09-27 09:26:30 Error: [MissingControllerException] Controller class CssController could not be found.
Exception Attributes: array (
  'class' => 'CssController',
  'plugin' => NULL,
)
Request URL: /cakephp/css/vendor/bootstrap/css/bootstrap.min.css
Stack Trace:
#0 E:\xampp\htdocs\cakephp\app\webroot\index.php(117): Dispatcher->dispatch(Object(CakeRequest), Object(CakeResponse))
#1 {main}
2018-09-27 09:28:44 Error: [MissingControllerException] Controller class CssController could not be found.
Exception Attributes: array (
  'class' => 'CssController',
  'plugin' => NULL,
)
Request URL: /cakephp/css/vendor/bootstrap/css/bootstrap.min.css
Stack Trace:
#0 E:\xampp\htdocs\cakephp\app\webroot\index.php(117): Dispatcher->dispatch(Object(CakeRequest), Object(CakeResponse))
#1 {main}
2018-09-27 09:28:44 Error: [MissingControllerException] Controller class CssController could not be found.
Exception Attributes: array (
  'class' => 'CssController',
  'plugin' => NULL,
)
Request URL: /cakephp/css/css_dashboard/simple-sidebar.css
Stack Trace:
#0 E:\xampp\htdocs\cakephp\app\webroot\index.php(117): Dispatcher->dispatch(Object(CakeRequest), Object(CakeResponse))
#1 {main}
2018-09-27 09:28:50 Error: [MissingControllerException] Controller class CssController could not be found.
Exception Attributes: array (
  'class' => 'CssController',
  'plugin' => NULL,
)
Request URL: /cakephp/css/vendor/bootstrap/css/bootstrap.min.css
Stack Trace:
#0 E:\xampp\htdocs\cakephp\app\webroot\index.php(117): Dispatcher->dispatch(Object(CakeRequest), Object(CakeResponse))
#1 {main}
2018-09-27 09:28:50 Error: [MissingControllerException] Controller class CssController could not be found.
Exception Attributes: array (
  'class' => 'CssController',
  'plugin' => NULL,
)
Request URL: /cakephp/css/css_dashboard/simple-sidebar.css
Stack Trace:
#0 E:\xampp\htdocs\cakephp\app\webroot\index.php(117): Dispatcher->dispatch(Object(CakeRequest), Object(CakeResponse))
#1 {main}
2018-09-27 09:29:59 Error: [MissingControllerException] Controller class CssController could not be found.
Exception Attributes: array (
  'class' => 'CssController',
  'plugin' => NULL,
)
Request URL: /cakephp/css/vendor/bootstrap/css/bootstrap.min.css
Stack Trace:
#0 E:\xampp\htdocs\cakephp\app\webroot\index.php(117): Dispatcher->dispatch(Object(CakeRequest), Object(CakeResponse))
#1 {main}
2018-09-27 09:29:59 Error: [MissingControllerException] Controller class CssController could not be found.
Exception Attributes: array (
  'class' => 'CssController',
  'plugin' => NULL,
)
Request URL: /cakephp/css/css_dashboard/simple-sidebar.css
Stack Trace:
#0 E:\xampp\htdocs\cakephp\app\webroot\index.php(117): Dispatcher->dispatch(Object(CakeRequest), Object(CakeResponse))
#1 {main}
2018-09-27 09:30:40 Error: [MissingControllerException] Controller class CssController could not be found.
Exception Attributes: array (
  'class' => 'CssController',
  'plugin' => NULL,
)
Request URL: /cakephp/css/css_dashboard/simple-sidebar.css
Stack Trace:
#0 E:\xampp\htdocs\cakephp\app\webroot\index.php(117): Dispatcher->dispatch(Object(CakeRequest), Object(CakeResponse))
#1 {main}
2018-09-27 09:30:40 Error: [MissingControllerException] Controller class CssController could not be found.
Exception Attributes: array (
  'class' => 'CssController',
  'plugin' => NULL,
)
Request URL: /cakephp/css/vendor/bootstrap/css/bootstrap.min.css
Stack Trace:
#0 E:\xampp\htdocs\cakephp\app\webroot\index.php(117): Dispatcher->dispatch(Object(CakeRequest), Object(CakeResponse))
#1 {main}
2018-09-27 09:30:46 Error: [MissingControllerException] Controller class CssController could not be found.
Exception Attributes: array (
  'class' => 'CssController',
  'plugin' => NULL,
)
Request URL: /cakephp/css/vendor/bootstrap/css/bootstrap.min.css
Stack Trace:
#0 E:\xampp\htdocs\cakephp\app\webroot\index.php(117): Dispatcher->dispatch(Object(CakeRequest), Object(CakeResponse))
#1 {main}
2018-09-27 09:30:46 Error: [MissingControllerException] Controller class CssController could not be found.
Exception Attributes: array (
  'class' => 'CssController',
  'plugin' => NULL,
)
Request URL: /cakephp/css/css_dashboard/simple-sidebar.css
Stack Trace:
#0 E:\xampp\htdocs\cakephp\app\webroot\index.php(117): Dispatcher->dispatch(Object(CakeRequest), Object(CakeResponse))
#1 {main}
2018-09-27 09:31:41 Error: [MissingControllerException] Controller class CssController could not be found.
Exception Attributes: array (
  'class' => 'CssController',
  'plugin' => NULL,
)
Request URL: /cakephp/css/vendor/bootstrap/css/bootstrap.min.css
Stack Trace:
#0 E:\xampp\htdocs\cakephp\app\webroot\index.php(117): Dispatcher->dispatch(Object(CakeRequest), Object(CakeResponse))
#1 {main}
2018-09-27 09:36:15 Error: [MissingControllerException] Controller class CssController could not be found.
Exception Attributes: array (
  'class' => 'CssController',
  'plugin' => NULL,
)
Request URL: /cakephp/css/simple-sidebar.css
Stack Trace:
#0 E:\xampp\htdocs\cakephp\app\webroot\index.php(117): Dispatcher->dispatch(Object(CakeRequest), Object(CakeResponse))
#1 {main}
2018-09-27 09:41:53 Error: [MissingControllerException] Controller class JsController could not be found.
Exception Attributes: array (
  'class' => 'JsController',
  'plugin' => NULL,
)
Request URL: /cakephp/js/vendor/jquery.min.js
Stack Trace:
#0 E:\xampp\htdocs\cakephp\app\webroot\index.php(117): Dispatcher->dispatch(Object(CakeRequest), Object(CakeResponse))
#1 {main}
#1 {main}
2018-09-27 09:41:56 Error: [MissingControllerException] Controller class JsController could not be found.
Exception Attributes: array (
  'class' => 'JsController',
  'plugin' => NULL,
)
Request URL: /cakephp/js/vendor/bootstrap.bundle.min.js
Stack Trace:
#0 E:\xampp\htdocs\cakephp\app\webroot\index.php(117): Dispatcher->dispatch(Object(CakeRequest), Object(CakeResponse))
#1 {main}
2018-09-27 09:41:56 Error: [MissingControllerException] Controller class JsController could not be found.
Exception Attributes: array (
  'class' => 'JsController',
  'plugin' => NULL,
)
Request URL: /cakephp/js/vendor/jquery.min.js
Stack Trace:
#0 E:\xampp\htdocs\cakephp\app\webroot\index.php(117): Dispatcher->dispatch(Object(CakeRequest), Object(CakeResponse))
#1 {main}
2018-09-27 09:43:32 Error: [MissingControllerException] Controller class JsController could not be found.
Exception Attributes: array (
  'class' => 'JsController',
  'plugin' => NULL,
)
Request URL: /cakephp/js/vendor/jquery.min.js
Stack Trace:
#0 E:\xampp\htdocs\cakephp\app\webroot\index.php(117): Dispatcher->dispatch(Object(CakeRequest), Object(CakeResponse))
#1 {main}
#1 {main}
2018-09-27 09:43:32 Error: [MissingControllerException] Controller class JsController could not be found.
Exception Attributes: array (
  'class' => 'JsController',
  'plugin' => NULL,
)
Request URL: /cakephp/js/vendor/bootstrap.bundle.min.js
Stack Trace:
#0 E:\xampp\htdocs\cakephp\app\webroot\index.php(117): Dispatcher->dispatch(Object(CakeRequest), Object(CakeResponse))
#1 {main}
2018-09-27 09:44:59 Error: [MissingControllerException] Controller class JsController could not be found.
Exception Attributes: array (
  'class' => 'JsController',
  'plugin' => NULL,
)
Request URL: /cakephp/js/vendor/jquery.min.js
Stack Trace:
#0 E:\xampp\htdocs\cakephp\app\webroot\index.php(117): Dispatcher->dispatch(Object(CakeRequest), Object(CakeResponse))
#1 {main}
2018-09-27 09:44:59 Error: [MissingControllerException] Controller class JsController could not be found.
Exception Attributes: array (
  'class' => 'JsController',
  'plugin' => NULL,
)
Request URL: /cakephp/js/vendor/bootstrap.bundle.min.js
Stack Trace:
#0 E:\xampp\htdocs\cakephp\app\webroot\index.php(117): Dispatcher->dispatch(Object(CakeRequest), Object(CakeResponse))
#1 {main}
2018-09-27 09:46:00 Error: [MissingControllerException] Controller class JsController could not be found.
Exception Attributes: array (
  'class' => 'JsController',
  'plugin' => NULL,
)
Request URL: /cakephp/js/vendor/bootstrap.bundle.min.js
Stack Trace:
#0 E:\xampp\htdocs\cakephp\app\webroot\index.php(117): Dispatcher->dispatch(Object(CakeRequest), Object(CakeResponse))
#1 {main}
2018-09-27 09:46:00 Error: [MissingControllerException] Controller class JsController could not be found.
Exception Attributes: array (
  'class' => 'JsController',
  'plugin' => NULL,
)
Request URL: /cakephp/js/vendor/jquery.min.js
Stack Trace:
#0 E:\xampp\htdocs\cakephp\app\webroot\index.php(117): Dispatcher->dispatch(Object(CakeRequest), Object(CakeResponse))
#1 {main}
2018-09-27 09:46:05 Error: [MissingControllerException] Controller class JsController could not be found.
Exception Attributes: array (
  'class' => 'JsController',
  'plugin' => NULL,
)
Request URL: /cakephp/js/vendor/jquery.min.js
Stack Trace:
#0 E:\xampp\htdocs\cakephp\app\webroot\index.php(117): Dispatcher->dispatch(Object(CakeRequest), Object(CakeResponse))
#1 {main}
2018-09-27 09:46:05 Error: [MissingControllerException] Controller class JsController could not be found.
Exception Attributes: array (
  'class' => 'JsController',
  'plugin' => NULL,
)
Request URL: /cakephp/js/vendor/bootstrap.bundle.min.js
Stack Trace:
#0 E:\xampp\htdocs\cakephp\app\webroot\index.php(117): Dispatcher->dispatch(Object(CakeRequest), Object(CakeResponse))
#1 {main}
2018-09-27 09:46:06 Error: [MissingControllerException] Controller class JsController could not be found.
Exception Attributes: array (
  'class' => 'JsController',
  'plugin' => NULL,
)
Request URL: /cakephp/js/vendor/jquery.min.js
Stack Trace:
#0 E:\xampp\htdocs\cakephp\app\webroot\index.php(117): Dispatcher->dispatch(Object(CakeRequest), Object(CakeResponse))
#1 {main}
2018-09-27 09:46:06 Error: [MissingControllerException] Controller class JsController could not be found.
Exception Attributes: array (
  'class' => 'JsController',
  'plugin' => NULL,
)
Request URL: /cakephp/js/vendor/bootstrap.bundle.min.js
Stack Trace:
#0 E:\xampp\htdocs\cakephp\app\webroot\index.php(117): Dispatcher->dispatch(Object(CakeRequest), Object(CakeResponse))
#1 {main}
2018-09-27 09:52:55 Error: [MissingControllerException] Controller class JsController could not be found.
Exception Attributes: array (
  'class' => 'JsController',
  'plugin' => NULL,
)
Request URL: /cakephp/js/js/jquery.min.js
Stack Trace:
#0 E:\xampp\htdocs\cakephp\app\webroot\index.php(117): Dispatcher->dispatch(Object(CakeRequest), Object(CakeResponse))
#1 {main}
2018-09-27 09:52:55 Error: [MissingControllerException] Controller class JsController could not be found.
Exception Attributes: array (
  'class' => 'JsController',
  'plugin' => NULL,
)
Request URL: /cakephp/js/js/bootstrap.min.js
Stack Trace:
#0 E:\xampp\htdocs\cakephp\app\webroot\index.php(117): Dispatcher->dispatch(Object(CakeRequest), Object(CakeResponse))
#1 {main}

#1 {main}
2018-09-27 09:52:55 Error: [MissingControllerException] Controller class JsController could not be found.
Exception Attributes: array (
  'class' => 'JsController',
  'plugin' => NULL,
)
Request URL: /cakephp/js/vendor/jquery.min.js
Stack Trace:
#0 E:\xampp\htdocs\cakephp\app\webroot\index.php(117): Dispatcher->dispatch(Object(CakeRequest), Object(CakeResponse))
#1 {main}
2018-09-27 09:52:55 Error: [MissingControllerException] Controller class JsController could not be found.
Exception Attributes: array (
  'class' => 'JsController',
  'plugin' => NULL,
)
Request URL: /cakephp/js/vendor/bootstrap.bundle.min.js
Stack Trace:
#0 E:\xampp\htdocs\cakephp\app\webroot\index.php(117): Dispatcher->dispatch(Object(CakeRequest), Object(CakeResponse))
#1 {main}
2018-09-27 09:52:58 Error: [MissingControllerException] Controller class JsController could not be found.
Exception Attributes: array (
  'class' => 'JsController',
  'plugin' => NULL,
)
Request URL: /cakephp/js/js/jquery.min.js
Stack Trace:
#0 E:\xampp\htdocs\cakephp\app\webroot\index.php(117): Dispatcher->dispatch(Object(CakeRequest), Object(CakeResponse))
#1 {main}
in}
2018-09-27 09:52:58 Error: [MissingControllerException] Controller class JsController could not be found.
Exception Attributes: array (
  'class' => 'JsController',
  'plugin' => NULL,
)
Request URL: /cakephp/js/js/bootstrap.min.js
Stack Trace:
#0 E:\xampp\htdocs\cakephp\app\webroot\index.php(117): Dispatcher->dispatch(Object(CakeRequest), Object(CakeResponse))
#1 {main}
2018-09-27 09:52:58 Error: [MissingControllerException] Controller class JsController could not be found.
Exception Attributes: array (
  'class' => 'JsController',
  'plugin' => NULL,
)
Request URL: /cakephp/js/vendor/bootstrap.bundle.min.js
Stack Trace:
#0 E:\xampp\htdocs\cakephp\app\webroot\index.php(117): Dispatcher->dispatch(Object(CakeRequest), Object(CakeResponse))
#1 {main}
2018-09-27 09:52:59 Error: [MissingControllerException] Controller class JsController could not be found.
Exception Attributes: array (
  'class' => 'JsController',
  'plugin' => NULL,
)
Request URL: /cakephp/js/vendor/jquery.min.js
Stack Trace:
#0 E:\xampp\htdocs\cakephp\app\webroot\index.php(117): Dispatcher->dispatch(Object(CakeRequest), Object(CakeResponse))
#1 {main}
2018-09-27 09:52:59 Error: [MissingControllerException] Controller class JsController could not be found.
Exception Attributes: array (
  'class' => 'JsController',
  'plugin' => NULL,
)
Request URL: /cakephp/js/vendor/bootstrap.bundle.min.js
Stack Trace:
#0 E:\xampp\htdocs\cakephp\app\webroot\index.php(117): Dispatcher->dispatch(Object(CakeRequest), Object(CakeResponse))
#1 {main}
2018-09-27 09:55:48 Error: [MissingControllerException] Controller class JsController could not be found.
Exception Attributes: array (
  'class' => 'JsController',
  'plugin' => NULL,
)
Request URL: /cakephp/js/js/jquery.min.js
Stack Trace:
#0 E:\xampp\htdocs\cakephp\app\webroot\index.php(117): Dispatcher->dispatch(Object(CakeRequest), Object(CakeResponse))
#1 {main}
2018-09-27 09:55:48 Error: [MissingControllerException] Controller class JsController could not be found.
Exception Attributes: array (
  'class' => 'JsController',
  'plugin' => NULL,
)
Request URL: /cakephp/js/vendor/bootstrap.bundle.min.js
Stack Trace:
#0 E:\xampp\htdocs\cakephp\app\webroot\index.php(117): Dispatcher->dispatch(Object(CakeRequest), Object(CakeResponse))
#1 {main}
2018-09-27 09:55:48 Error: [MissingControllerException] Controller class JsController could not be found.
Exception Attributes: array (
  'class' => 'JsController',
  'plugin' => NULL,
)
Request URL: /cakephp/js/js/bootstrap.min.js
Stack Trace:
#0 E:\xampp\htdocs\cakephp\app\webroot\index.php(117): Dispatcher->dispatch(Object(CakeRequest), Object(CakeResponse))
#1 {main}
2018-09-27 09:55:48 Error: [MissingControllerException] Controller class JsController could not be found.
Exception Attributes: array (
  'class' => 'JsController',
  'plugin' => NULL,
)
Request URL: /cakephp/js/vendor/jquery.min.js
Stack Trace:
#0 E:\xampp\htdocs\cakephp\app\webroot\index.php(117): Dispatcher->dispatch(Object(CakeRequest), Object(CakeResponse))
#1 {main}
2018-09-27 09:55:48 Error: [MissingControllerException] Controller class JsController could not be found.
Exception Attributes: array (
  'class' => 'JsController',
  'plugin' => NULL,
)
Request URL: /cakephp/js/vendor/bootstrap.bundle.min.js
Stack Trace:
#0 E:\xampp\htdocs\cakephp\app\webroot\index.php(117): Dispatcher->dispatch(Object(CakeRequest), Object(CakeResponse))
#1 {main}
2018-09-27 09:56:36 Error: [MissingControllerException] Controller class JsController could not be found.
Exception Attributes: array (
  'class' => 'JsController',
  'plugin' => NULL,
)
Request URL: /cakephp/js/js/jquery.min.js
Stack Trace:
#0 E:\xampp\htdocs\cakephp\app\webroot\index.php(117): Dispatcher->dispatch(Object(CakeRequest), Object(CakeResponse))
#1 {main}
2018-09-27 09:56:36 Error: [MissingControllerException] Controller class JsController could not be found.
Exception Attributes: array (
  'class' => 'JsController',
  'plugin' => NULL,
)
Request URL: /cakephp/js/vendor/bootstrap.bundle.min.js
Stack Trace:
#0 E:\xampp\htdocs\cakephp\app\webroot\index.php(117): Dispatcher->dispatch(Object(CakeRequest), Object(CakeResponse))
#1 {main}
2018-09-27 09:56:36 Error: [MissingControllerException] Controller class JsController could not be found.
Exception Attributes: array (
  'class' => 'JsController',
  'plugin' => NULL,
)
Request URL: /cakephp/js/js/bootstrap.min.js
Stack Trace:
#0 E:\xampp\htdocs\cakephp\app\webroot\index.php(117): Dispatcher->dispatch(Object(CakeRequest), Object(CakeResponse))
#1 {main}
2018-09-27 09:56:36 Error: [MissingControllerException] Controller class JsController could not be found.
Exception Attributes: array (
  'class' => 'JsController',
  'plugin' => NULL,
)
Request URL: /cakephp/js/vendor/jquery.min.js
Stack Trace:
#0 E:\xampp\htdocs\cakephp\app\webroot\index.php(117): Dispatcher->dispatch(Object(CakeRequest), Object(CakeResponse))
#1 {main}
2018-09-27 09:56:36 Error: [MissingControllerException] Controller class JsController could not be found.
Exception Attributes: array (
  'class' => 'JsController',
  'plugin' => NULL,
)
Request URL: /cakephp/js/vendor/jquery.min.js
Stack Trace:
#0 E:\xampp\htdocs\cakephp\app\webroot\index.php(117): Dispatcher->dispatch(Object(CakeRequest), Object(CakeResponse))
#1 {main}
2018-09-27 09:56:36 Error: [MissingControllerException] Controller class JsController could not be found.
Exception Attributes: array (
  'class' => 'JsController',
  'plugin' => NULL,
)
Request URL: /cakephp/js/vendor/bootstrap.bundle.min.js
Stack Trace:
#0 E:\xampp\htdocs\cakephp\app\webroot\index.php(117): Dispatcher->dispatch(Object(CakeRequest), Object(CakeResponse))
#1 {main}
2018-09-27 09:58:23 Error: [MissingControllerException] Controller class JsController could not be found.
Exception Attributes: array (
  'class' => 'JsController',
  'plugin' => NULL,
)
Request URL: /cakephp/js/vendor/bootstrap.bundle.min.js
Stack Trace:
#0 E:\xampp\htdocs\cakephp\app\webroot\index.php(117): Dispatcher->dispatch(Object(CakeRequest), Object(CakeResponse))
#1 {main}
2018-09-27 09:58:23 Error: [MissingControllerException] Controller class JsController could not be found.
Exception Attributes: array (
  'class' => 'JsController',
  'plugin' => NULL,
)
Request URL: /cakephp/js/js/jquery.min.js
Stack Trace:
#0 E:\xampp\htdocs\cakephp\app\webroot\index.php(117): Dispatcher->dispatch(Object(CakeRequest), Object(CakeResponse))
#1 {main}
n}
2018-09-27 09:58:23 Error: [MissingControllerException] Controller class JsController could not be found.
Exception Attributes: array (
  'class' => 'JsController',
  'plugin' => NULL,
)
Request URL: /cakephp/js/vendor/jquery.min.js
Stack Trace:
#0 E:\xampp\htdocs\cakephp\app\webroot\index.php(117): Dispatcher->dispatch(Object(CakeRequest), Object(CakeResponse))
#1 {main}
2018-09-27 09:58:23 Error: [MissingControllerException] Controller class JsController could not be found.
Exception Attributes: array (
  'class' => 'JsController',
  'plugin' => NULL,
)
Request URL: /cakephp/js/vendor/bootstrap.bundle.min.js
Stack Trace:
#0 E:\xampp\htdocs\cakephp\app\webroot\index.php(117): Dispatcher->dispatch(Object(CakeRequest), Object(CakeResponse))
#1 {main}
2018-09-27 09:59:32 Error: [MissingControllerException] Controller class JsController could not be found.
Exception Attributes: array (
  'class' => 'JsController',
  'plugin' => NULL,
)
Request URL: /cakephp/js/js/bootstrap.min.js
Stack Trace:
#0 E:\xampp\htdocs\cakephp\app\webroot\index.php(117): Dispatcher->dispatch(Object(CakeRequest), Object(CakeResponse))
#1 {main}
)
#1 {main}
2018-09-27 09:59:32 Error: [MissingControllerException] Controller class JsController could not be found.
Exception Attributes: array (
  'class' => 'JsController',
  'plugin' => NULL,
)
Request URL: /cakephp/js/vendor1/jquery.min.js
Stack Trace:
#0 E:\xampp\htdocs\cakephp\app\webroot\index.php(117): Dispatcher->dispatch(Object(CakeRequest), Object(CakeResponse))
#1 {main}
2018-09-27 09:59:32 Error: [MissingControllerException] Controller class JsController could not be found.
Exception Attributes: array (
  'class' => 'JsController',
  'plugin' => NULL,
)
Request URL: /cakephp/js/js/jquery.min.js
Stack Trace:
#0 E:\xampp\htdocs\cakephp\app\webroot\index.php(117): Dispatcher->dispatch(Object(CakeRequest), Object(CakeResponse))
#1 {main}
2018-09-27 09:59:32 Error: [MissingControllerException] Controller class JsController could not be found.
Exception Attributes: array (
  'class' => 'JsController',
  'plugin' => NULL,
)
Request URL: /cakephp/js/js/bootstrap.min.js
Stack Trace:
#0 E:\xampp\htdocs\cakephp\app\webroot\index.php(117): Dispatcher->dispatch(Object(CakeRequest), Object(CakeResponse))
#1 {main}
2018-09-27 09:59:32 Error: [MissingControllerException] Controller class JsController could not be found.
Exception Attributes: array (
  'class' => 'JsController',
  'plugin' => NULL,
)
Request URL: /cakephp/js/vendor1/jquery.min.js
Stack Trace:
#0 E:\xampp\htdocs\cakephp\app\webroot\index.php(117): Dispatcher->dispatch(Object(CakeRequest), Object(CakeResponse))
#1 {main}
2018-09-27 09:59:32 Error: [MissingControllerException] Controller class JsController could not be found.
Exception Attributes: array (
  'class' => 'JsController',
  'plugin' => NULL,
)
Request URL: /cakephp/js/vendor1/bootstrap.bundle.min.js
Stack Trace:
#0 E:\xampp\htdocs\cakephp\app\webroot\index.php(117): Dispatcher->dispatch(Object(CakeRequest), Object(CakeResponse))
#1 {main}
2018-09-27 10:00:21 Error: [MissingControllerException] Controller class JsController could not be found.
Exception Attributes: array (
  'class' => 'JsController',
  'plugin' => NULL,
)
Request URL: /cakephp/js/js/jquery.min.js
Stack Trace:
#0 E:\xampp\htdocs\cakephp\app\webroot\index.php(117): Dispatcher->dispatch(Object(CakeRequest), Object(CakeResponse))
#1 {main}
ain}
2018-09-27 10:00:21 Error: [MissingControllerException] Controller class JsController could not be found.
Exception Attributes: array (
  'class' => 'JsController',
  'plugin' => NULL,
)
Request URL: /cakephp/js/vendor1/bootstrap.bundle.min.js
Stack Trace:
#0 E:\xampp\htdocs\cakephp\app\webroot\index.php(117): Dispatcher->dispatch(Object(CakeRequest), Object(CakeResponse))
#1 {main}
2018-09-27 10:00:21 Error: [MissingControllerException] Controller class JsController could not be found.
Exception Attributes: array (
  'class' => 'JsController',
  'plugin' => NULL,
)
Request URL: /cakephp/js/js/bootstrap.min.js
Stack Trace:
#0 E:\xampp\htdocs\cakephp\app\webroot\index.php(117): Dispatcher->dispatch(Object(CakeRequest), Object(CakeResponse))
#1 {main}
2018-09-27 10:00:21 Error: [MissingControllerException] Controller class JsController could not be found.
Exception Attributes: array (
  'class' => 'JsController',
  'plugin' => NULL,
)
Request URL: /cakephp/js/vendor1/jquery.min.js
Stack Trace:
#0 E:\xampp\htdocs\cakephp\app\webroot\index.php(117): Dispatcher->dispatch(Object(CakeRequest), Object(CakeResponse))
#1 {main}
2018-09-27 10:00:21 Error: [MissingControllerException] Controller class JsController could not be found.
Exception Attributes: array (
  'class' => 'JsController',
  'plugin' => NULL,
)
Request URL: /cakephp/js/vendor1/bootstrap.bundle.min.js
Stack Trace:
#0 E:\xampp\htdocs\cakephp\app\webroot\index.php(117): Dispatcher->dispatch(Object(CakeRequest), Object(CakeResponse))
#1 {main}
2018-09-27 10:01:00 Error: [MissingControllerException] Controller class JsController could not be found.
Exception Attributes: array (
  'class' => 'JsController',
  'plugin' => NULL,
)
Request URL: /cakephp/js/vendor1/jquery.min.js
Stack Trace:
#0 E:\xampp\htdocs\cakephp\app\webroot\index.php(117): Dispatcher->dispatch(Object(CakeRequest), Object(CakeResponse))
#1 {main}
2018-09-27 10:01:00 Error: [MissingControllerException] Controller class JsController could not be found.
Exception Attributes: array (
  'class' => 'JsController',
  'plugin' => NULL,
)
Request URL: /cakephp/js/vendor1/bootstrap.bundle.min.js
Stack Trace:
#0 E:\xampp\htdocs\cakephp\app\webroot\index.php(117): Dispatcher->dispatch(Object(CakeRequest), Object(CakeResponse))
#1 {main}
2018-09-27 10:02:19 Error: [MissingControllerException] Controller class JsController could not be found.
Exception Attributes: array (
  'class' => 'JsController',
  'plugin' => NULL,
)
Request URL: /cakephp/js/vendor1/bootstrap.bundle.min.js
Stack Trace:
#0 E:\xampp\htdocs\cakephp\app\webroot\index.php(117): Dispatcher->dispatch(Object(CakeRequest), Object(CakeResponse))
#1 {main}
2018-09-27 10:03:02 Error: [MissingControllerException] Controller class JsController could not be found.
Exception Attributes: array (
  'class' => 'JsController',
  'plugin' => NULL,
)
Request URL: /cakephp/js/vendor1/bootstrap.bundle.min.js
Stack Trace:
#0 E:\xampp\htdocs\cakephp\app\webroot\index.php(117): Dispatcher->dispatch(Object(CakeRequest), Object(CakeResponse))
#1 {main}
2018-09-27 10:03:02 Error: [MissingControllerException] Controller class JsController could not be found.
Exception Attributes: array (
  'class' => 'JsController',
  'plugin' => NULL,
)
Request URL: /cakephp/js/vendor1/jquery.min.js
Stack Trace:
#0 E:\xampp\htdocs\cakephp\app\webroot\index.php(117): Dispatcher->dispatch(Object(CakeRequest), Object(CakeResponse))
#1 {main}
2018-09-27 10:04:58 Error: [MissingControllerException] Controller class JsController could not be found.
Exception Attributes: array (
  'class' => 'JsController',
  'plugin' => NULL,
)
Request URL: /cakephp/js/vendor/jquery/jquery.min.js
Stack Trace:
#0 E:\xampp\htdocs\cakephp\app\webroot\index.php(117): Dispatcher->dispatch(Object(CakeRequest), Object(CakeResponse))
#1 {main}
2018-09-27 10:04:58 Error: [MissingControllerException] Controller class JsController could not be found.
Exception Attributes: array (
  'class' => 'JsController',
  'plugin' => NULL,
)
Request URL: /cakephp/js/vendor/bootstrap/js/bootstrap.bundle.min.js
Stack Trace:
#0 E:\xampp\htdocs\cakephp\app\webroot\index.php(117): Dispatcher->dispatch(Object(CakeRequest), Object(CakeResponse))
#1 {main}
2018-09-27 10:06:44 Error: [MissingControllerException] Controller class JsController could not be found.
Exception Attributes: array (
  'class' => 'JsController',
  'plugin' => NULL,
)
Request URL: /cakephp/js/vendor/jquery/jquery.min.js
Stack Trace:
#0 E:\xampp\htdocs\cakephp\app\webroot\index.php(117): Dispatcher->dispatch(Object(CakeRequest), Object(CakeResponse))
#1 {main}
2018-09-27 10:06:44 Error: [MissingControllerException] Controller class JsController could not be found.
Exception Attributes: array (
  'class' => 'JsController',
  'plugin' => NULL,
)
Request URL: /cakephp/js/vendor/bootstrap/js/bootstrap.bundle.min.js
Stack Trace:
#0 E:\xampp\htdocs\cakephp\app\webroot\index.php(117): Dispatcher->dispatch(Object(CakeRequest), Object(CakeResponse))
#1 {main}
2018-09-27 10:07:50 Error: [MissingControllerException] Controller class JsController could not be found.
Exception Attributes: array (
  'class' => 'JsController',
  'plugin' => NULL,
)
Request URL: /cakephp/js/vendor/bootstrap/js/bootstrap.bundle.min.js
Stack Trace:
#0 E:\xampp\htdocs\cakephp\app\webroot\index.php(117): Dispatcher->dispatch(Object(CakeRequest), Object(CakeResponse))
#1 {main}
2018-09-27 10:09:26 Error: [MissingControllerException] Controller class JsController could not be found.
Exception Attributes: array (
  'class' => 'JsController',
  'plugin' => NULL,
)
Request URL: /cakephp/js/vendor/bootstrap/js/bootstrap.bundle.min.js
Stack Trace:
#0 E:\xampp\htdocs\cakephp\app\webroot\index.php(117): Dispatcher->dispatch(Object(CakeRequest), Object(CakeResponse))
#1 {main}
2018-09-27 10:09:26 Error: [MissingControllerException] Controller class JsController could not be found.
Exception Attributes: array (
  'class' => 'JsController',
  'plugin' => NULL,
)
Request URL: /cakephp/js/js/jquery.min.js
Stack Trace:
#0 E:\xampp\htdocs\cakephp\app\webroot\index.php(117): Dispatcher->dispatch(Object(CakeRequest), Object(CakeResponse))
#1 {main}
2018-09-27 10:09:26 Error: [MissingControllerException] Controller class JsController could not be found.
Exception Attributes: array (
  'class' => 'JsController',
  'plugin' => NULL,
)
Request URL: /cakephp/js/js/bootstap.min.js
Stack Trace:
#0 E:\xampp\htdocs\cakephp\app\webroot\index.php(117): Dispatcher->dispatch(Object(CakeRequest), Object(CakeResponse))
#1 {main}
2018-09-27 10:09:26 Error: [MissingControllerException] Controller class JsController could not be found.
Exception Attributes: array (
  'class' => 'JsController',
  'plugin' => NULL,
)
Request URL: /cakephp/js/vendor/jquery/jquery.min.js
Stack Trace:
#0 E:\xampp\htdocs\cakephp\app\webroot\index.php(117): Dispatcher->dispatch(Object(CakeRequest), Object(CakeResponse))
#1 {main}
2018-09-27 10:09:26 Error: [MissingControllerException] Controller class JsController could not be found.
Exception Attributes: array (
  'class' => 'JsController',
  'plugin' => NULL,
)
Request URL: /cakephp/js/vendor/bootstrap/js/bootstrap.bundle.min.js
Stack Trace:
#0 E:\xampp\htdocs\cakephp\app\webroot\index.php(117): Dispatcher->dispatch(Object(CakeRequest), Object(CakeResponse))
#1 {main}
2018-09-27 10:13:26 Error: [MissingControllerException] Controller class JsController could not be found.
Exception Attributes: array (
  'class' => 'JsController',
  'plugin' => NULL,
)
Request URL: /cakephp/js/vendor/jquery/jquery.min.js
Stack Trace:
#0 E:\xampp\htdocs\cakephp\app\webroot\index.php(117): Dispatcher->dispatch(Object(CakeRequest), Object(CakeResponse))
#1 {main}
2018-09-27 10:13:26 Error: [MissingControllerException] Controller class JsController could not be found.
Exception Attributes: array (
  'class' => 'JsController',
  'plugin' => NULL,
)
Request URL: /cakephp/js/vendor/bootstrap/js/bootstrap.bundle.min.js
Stack Trace:
#0 E:\xampp\htdocs\cakephp\app\webroot\index.php(117): Dispatcher->dispatch(Object(CakeRequest), Object(CakeResponse))
#1 {main}
2018-09-27 10:13:26 Error: [MissingControllerException] Controller class JsController could not be found.
Exception Attributes: array (
  'class' => 'JsController',
  'plugin' => NULL,
)
Request URL: /cakephp/js/bootstap.min.js
Stack Trace:
#0 E:\xampp\htdocs\cakephp\app\webroot\index.php(117): Dispatcher->dispatch(Object(CakeRequest), Object(CakeResponse))
#1 {main}
2018-09-27 10:13:26 Error: [MissingControllerException] Controller class JsController could not be found.
Exception Attributes: array (
  'class' => 'JsController',
  'plugin' => NULL,
)
Request URL: /cakephp/js/vendor/jquery/jquery.min.js
Stack Trace:
#0 E:\xampp\htdocs\cakephp\app\webroot\index.php(117): Dispatcher->dispatch(Object(CakeRequest), Object(CakeResponse))
#1 {main}
2018-09-27 10:13:26 Error: [MissingControllerException] Controller class JsController could not be found.
Exception Attributes: array (
  'class' => 'JsController',
  'plugin' => NULL,
)
Request URL: /cakephp/js/vendor/bootstrap/js/bootstrap.bundle.min.js
Stack Trace:
#0 E:\xampp\htdocs\cakephp\app\webroot\index.php(117): Dispatcher->dispatch(Object(CakeRequest), Object(CakeResponse))
#1 {main}
2018-09-27 10:13:58 Error: [MissingControllerException] Controller class JsController could not be found.
Exception Attributes: array (
  'class' => 'JsController',
  'plugin' => NULL,
)
Request URL: /cakephp/js/bootstap.min.js
Stack Trace:
#0 E:\xampp\htdocs\cakephp\app\webroot\index.php(117): Dispatcher->dispatch(Object(CakeRequest), Object(CakeResponse))
#1 {main}
2018-09-27 10:13:58 Error: [MissingControllerException] Controller class JsController could not be found.
Exception Attributes: array (
  'class' => 'JsController',
  'plugin' => NULL,
)
Request URL: /cakephp/js/vendor/jquery/jquery.min.js
Stack Trace:
#0 E:\xampp\htdocs\cakephp\app\webroot\index.php(117): Dispatcher->dispatch(Object(CakeRequest), Object(CakeResponse))
#1 {main}
2018-09-27 10:13:58 Error: [MissingControllerException] Controller class JsController could not be found.
Exception Attributes: array (
  'class' => 'JsController',
  'plugin' => NULL,
)
Request URL: /cakephp/js/vendor/bootstrap/js/bootstrap.bundle.min.js
Stack Trace:
#0 E:\xampp\htdocs\cakephp\app\webroot\index.php(117): Dispatcher->dispatch(Object(CakeRequest), Object(CakeResponse))
#1 {main}
2018-09-27 10:14:01 Error: [MissingControllerException] Controller class JsController could not be found.
Exception Attributes: array (
  'class' => 'JsController',
  'plugin' => NULL,
)
Request URL: /cakephp/js/bootstap.min.js
Stack Trace:
#0 E:\xampp\htdocs\cakephp\app\webroot\index.php(117): Dispatcher->dispatch(Object(CakeRequest), Object(CakeResponse))
#1 {main}
2018-09-27 10:14:01 Error: [MissingControllerException] Controller class JsController could not be found.
Exception Attributes: array (
  'class' => 'JsController',
  'plugin' => NULL,
)
Request URL: /cakephp/js/vendor/bootstrap/js/bootstrap.bundle.min.js
Stack Trace:
#0 E:\xampp\htdocs\cakephp\app\webroot\index.php(117): Dispatcher->dispatch(Object(CakeRequest), Object(CakeResponse))
#1 {main}
2018-09-27 10:14:01 Error: [MissingControllerException] Controller class JsController could not be found.
Exception Attributes: array (
  'class' => 'JsController',
  'plugin' => NULL,
)
Request URL: /cakephp/js/vendor/jquery/jquery.min.js
Stack Trace:
#0 E:\xampp\htdocs\cakephp\app\webroot\index.php(117): Dispatcher->dispatch(Object(CakeRequest), Object(CakeResponse))
#1 {main}
2018-09-27 10:14:01 Error: [MissingControllerException] Controller class JsController could not be found.
Exception Attributes: array (
  'class' => 'JsController',
  'plugin' => NULL,
)
Request URL: /cakephp/js/vendor/bootstrap/js/bootstrap.bundle.min.js
Stack Trace:
#0 E:\xampp\htdocs\cakephp\app\webroot\index.php(117): Dispatcher->dispatch(Object(CakeRequest), Object(CakeResponse))
#1 {main}
2018-09-27 10:14:08 Error: [MissingControllerException] Controller class JsController could not be found.
Exception Attributes: array (
  'class' => 'JsController',
  'plugin' => NULL,
)
Request URL: /cakephp/js/bootstap.min.js
Stack Trace:
#0 E:\xampp\htdocs\cakephp\app\webroot\index.php(117): Dispatcher->dispatch(Object(CakeRequest), Object(CakeResponse))
#1 {main}
2018-09-27 10:14:08 Error: [MissingControllerException] Controller class JsController could not be found.
Exception Attributes: array (
  'class' => 'JsController',
  'plugin' => NULL,
)
Request URL: /cakephp/js/vendor/jquery/jquery.min.js
Stack Trace:
#0 E:\xampp\htdocs\cakephp\app\webroot\index.php(117): Dispatcher->dispatch(Object(CakeRequest), Object(CakeResponse))
#1 {main}
2018-09-27 10:14:08 Error: [MissingControllerException] Controller class JsController could not be found.
Exception Attributes: array (
  'class' => 'JsController',
  'plugin' => NULL,
)
Request URL: /cakephp/js/vendor/bootstrap/js/bootstrap.bundle.min.js
Stack Trace:
#0 E:\xampp\htdocs\cakephp\app\webroot\index.php(117): Dispatcher->dispatch(Object(CakeRequest), Object(CakeResponse))
#1 {main}
2018-09-27 10:14:11 Error: [MissingControllerException] Controller class JsController could not be found.
Exception Attributes: array (
  'class' => 'JsController',
  'plugin' => NULL,
)
Request URL: /cakephp/js/vendor/jquery/jquery.min.js
Stack Trace:
#0 E:\xampp\htdocs\cakephp\app\webroot\index.php(117): Dispatcher->dispatch(Object(CakeRequest), Object(CakeResponse))
#1 {main}
2018-09-27 10:14:11 Error: [MissingControllerException] Controller class JsController could not be found.
Exception Attributes: array (
  'class' => 'JsController',
  'plugin' => NULL,
)
Request URL: /cakephp/js/vendor/bootstrap/js/bootstrap.bundle.min.js
Stack Trace:
#0 E:\xampp\htdocs\cakephp\app\webroot\index.php(117): Dispatcher->dispatch(Object(CakeRequest), Object(CakeResponse))
#1 {main}
2018-09-27 10:14:11 Error: [MissingControllerException] Controller class JsController could not be found.
Exception Attributes: array (
  'class' => 'JsController',
  'plugin' => NULL,
)
Request URL: /cakephp/js/bootstap.min.js
Stack Trace:
#0 E:\xampp\htdocs\cakephp\app\webroot\index.php(117): Dispatcher->dispatch(Object(CakeRequest), Object(CakeResponse))
#1 {main}
2018-09-27 10:14:11 Error: [MissingControllerException] Controller class JsController could not be found.
Exception Attributes: array (
  'class' => 'JsController',
  'plugin' => NULL,
)
Request URL: /cakephp/js/vendor/jquery/jquery.min.js
Stack Trace:
#0 E:\xampp\htdocs\cakephp\app\webroot\index.php(117): Dispatcher->dispatch(Object(CakeRequest), Object(CakeResponse))
#1 {main}
2018-09-27 10:14:11 Error: [MissingControllerException] Controller class JsController could not be found.
Exception Attributes: array (
  'class' => 'JsController',
  'plugin' => NULL,
)
Request URL: /cakephp/js/vendor/bootstrap/js/bootstrap.bundle.min.js
Stack Trace:
#0 E:\xampp\htdocs\cakephp\app\webroot\index.php(117): Dispatcher->dispatch(Object(CakeRequest), Object(CakeResponse))
#1 {main}
2018-09-27 10:31:50 Error: Fatal Error (1): Class 'App\Controller\AppController' not found in [E:\xampp\htdocs\cakephp\app\Controller\EmployeeController.php, line 8]
2018-09-27 10:31:50 Error: [FatalErrorException] Class 'App\Controller\AppController' not found
Request URL: /cakephp/
Stack Trace:
#0 E:\xampp\htdocs\cakephp\lib\Cake\Error\ErrorHandler.php(212): ErrorHandler::handleFatalError(1, 'Class 'App\\Cont...', 'E:\\xampp\\htdocs...', 8)
#1 E:\xampp\htdocs\cakephp\lib\Cake\Core\App.php(970): ErrorHandler::handleError(1, 'Class 'App\\Cont...', 'E:\\xampp\\htdocs...', 8, Array)
#2 E:\xampp\htdocs\cakephp\lib\Cake\Core\App.php(943): App::_checkFatalError()
#3 [internal function]: App::shutdown()
#4 {main}
2018-09-27 10:32:50 Error: Fatal Error (1): Class 'App\Controller\AppController' not found in [E:\xampp\htdocs\cakephp\app\Controller\EmployeeController.php, line 8]
2018-09-27 10:32:50 Error: [FatalErrorException] Class 'App\Controller\AppController' not found
Request URL: /cakephp/
Stack Trace:
#0 E:\xampp\htdocs\cakephp\lib\Cake\Error\ErrorHandler.php(212): ErrorHandler::handleFatalError(1, 'Class 'App\\Cont...', 'E:\\xampp\\htdocs...', 8)
#1 E:\xampp\htdocs\cakephp\lib\Cake\Core\App.php(970): ErrorHandler::handleError(1, 'Class 'App\\Cont...', 'E:\\xampp\\htdocs...', 8, Array)
#2 E:\xampp\htdocs\cakephp\lib\Cake\Core\App.php(943): App::_checkFatalError()
#3 [internal function]: App::shutdown()
#4 {main}
2018-09-27 10:33:29 Error: Fatal Error (1): Class 'App\Controller\Controller' not found in [E:\xampp\htdocs\cakephp\app\Controller\EmployeeController.php, line 8]
2018-09-27 10:33:29 Error: [FatalErrorException] Class 'App\Controller\Controller' not found
Request URL: /cakephp/
Stack Trace:
#0 E:\xampp\htdocs\cakephp\lib\Cake\Error\ErrorHandler.php(212): ErrorHandler::handleFatalError(1, 'Class 'App\\Cont...', 'E:\\xampp\\htdocs...', 8)
#1 E:\xampp\htdocs\cakephp\lib\Cake\Core\App.php(970): ErrorHandler::handleError(1, 'Class 'App\\Cont...', 'E:\\xampp\\htdocs...', 8, Array)
#2 E:\xampp\htdocs\cakephp\lib\Cake\Core\App.php(943): App::_checkFatalError()
#3 [internal function]: App::shutdown()
#4 {main}
2018-09-27 10:37:37 Error: [MissingViewException] View file "Employee\index.ctp" is missing.
Exception Attributes: array (
  'file' => 'Employee\\index.ctp',
)
Request URL: /cakephp/
Stack Trace:
#0 E:\xampp\htdocs\cakephp\lib\Cake\View\View.php(470): View->_getViewFileName('Employee\\index')
#1 E:\xampp\htdocs\cakephp\lib\Cake\Controller\Controller.php(963): View->render(NULL, NULL)
#2 E:\xampp\htdocs\cakephp\lib\Cake\Routing\Dispatcher.php(200): Controller->render()
#3 E:\xampp\htdocs\cakephp\lib\Cake\Routing\Dispatcher.php(167): Dispatcher->_invoke(Object(EmployeeController), Object(CakeRequest))
#4 E:\xampp\htdocs\cakephp\app\webroot\index.php(117): Dispatcher->dispatch(Object(CakeRequest), Object(CakeResponse))
#5 {main}
2018-09-27 10:38:14 Error: [MissingViewException] View file "Employee\index.ctp" is missing.
Exception Attributes: array (
  'file' => 'Employee\\index.ctp',
)
Request URL: /cakephp/
Stack Trace:
#0 E:\xampp\htdocs\cakephp\lib\Cake\View\View.php(470): View->_getViewFileName('Employee\\index')
#1 E:\xampp\htdocs\cakephp\lib\Cake\Controller\Controller.php(963): View->render(NULL, NULL)
#2 E:\xampp\htdocs\cakephp\lib\Cake\Routing\Dispatcher.php(200): Controller->render()
#3 E:\xampp\htdocs\cakephp\lib\Cake\Routing\Dispatcher.php(167): Dispatcher->_invoke(Object(EmployeeController), Object(CakeRequest))
#4 E:\xampp\htdocs\cakephp\app\webroot\index.php(117): Dispatcher->dispatch(Object(CakeRequest), Object(CakeResponse))
#5 {main}
2018-09-27 10:38:17 Error: [MissingViewException] View file "Employee\index.ctp" is missing.
Exception Attributes: array (
  'file' => 'Employee\\index.ctp',
)
Request URL: /cakephp/
Stack Trace:
#0 E:\xampp\htdocs\cakephp\lib\Cake\View\View.php(470): View->_getViewFileName('Employee\\index')
#1 E:\xampp\htdocs\cakephp\lib\Cake\Controller\Controller.php(963): View->render(NULL, NULL)
#2 E:\xampp\htdocs\cakephp\lib\Cake\Routing\Dispatcher.php(200): Controller->render()
#3 E:\xampp\htdocs\cakephp\lib\Cake\Routing\Dispatcher.php(167): Dispatcher->_invoke(Object(EmployeeController), Object(CakeRequest))
#4 E:\xampp\htdocs\cakephp\app\webroot\index.php(117): Dispatcher->dispatch(Object(CakeRequest), Object(CakeResponse))
#5 {main}
2018-09-27 10:46:30 Error: [MissingControllerException] Controller class AddEmployeeController could not be found.
Exception Attributes: array (
  'class' => 'AddEmployeeController',
  'plugin' => NULL,
)
Request URL: /cakephp/addEmployee
Stack Trace:
#0 E:\xampp\htdocs\cakephp\app\webroot\index.php(117): Dispatcher->dispatch(Object(CakeRequest), Object(CakeResponse))
#1 {main}
2018-09-27 10:47:15 Error: [MissingControllerException] Controller class AddEmployeeController could not be found.
Exception Attributes: array (
  'class' => 'AddEmployeeController',
  'plugin' => NULL,
)
Request URL: /cakephp/addEmployee
Stack Trace:
#0 E:\xampp\htdocs\cakephp\app\webroot\index.php(117): Dispatcher->dispatch(Object(CakeRequest), Object(CakeResponse))
#1 {main}
2018-09-27 10:47:23 Error: [MissingControllerException] Controller class AddEmployeeController could not be found.
Exception Attributes: array (
  'class' => 'AddEmployeeController',
  'plugin' => NULL,
)
Request URL: /cakephp/addEmployee
Stack Trace:
#0 E:\xampp\htdocs\cakephp\app\webroot\index.php(117): Dispatcher->dispatch(Object(CakeRequest), Object(CakeResponse))
#1 {main}
2018-09-27 10:48:28 Error: [MissingControllerException] Controller class AddEmployeeController could not be found.
Exception Attributes: array (
  'class' => 'AddEmployeeController',
  'plugin' => NULL,
)
Request URL: /cakephp/addEmployee
Stack Trace:
#0 E:\xampp\htdocs\cakephp\app\webroot\index.php(117): Dispatcher->dispatch(Object(CakeRequest), Object(CakeResponse))
#1 {main}
2018-09-27 10:52:22 Error: [MissingViewException] View file "Employee\add_employee.ctp" is missing.
Exception Attributes: array (
  'file' => 'Employee\\add_employee.ctp',
)
Request URL: /cakephp/Employee/addEmployee
Stack Trace:
#0 E:\xampp\htdocs\cakephp\lib\Cake\View\View.php(470): View->_getViewFileName('Employee\\add_em...')
#1 E:\xampp\htdocs\cakephp\lib\Cake\Controller\Controller.php(963): View->render(NULL, NULL)
#2 E:\xampp\htdocs\cakephp\lib\Cake\Routing\Dispatcher.php(200): Controller->render()
#3 E:\xampp\htdocs\cakephp\lib\Cake\Routing\Dispatcher.php(167): Dispatcher->_invoke(Object(EmployeeController), Object(CakeRequest))
#4 E:\xampp\htdocs\cakephp\app\webroot\index.php(117): Dispatcher->dispatch(Object(CakeRequest), Object(CakeResponse))
#5 {main}
2018-09-27 10:53:53 Error: [MissingActionException] Action EmployeeController::addEmployee() could not be found.
Exception Attributes: array (
  'controller' => 'EmployeeController',
  'action' => 'addEmployee',
)
Request URL: /cakephp/Employee/addEmployee
Stack Trace:
#0 E:\xampp\htdocs\cakephp\lib\Cake\Routing\Dispatcher.php(193): Controller->invokeAction(Object(CakeRequest))
#1 E:\xampp\htdocs\cakephp\lib\Cake\Routing\Dispatcher.php(167): Dispatcher->_invoke(Object(EmployeeController), Object(CakeRequest))
#2 E:\xampp\htdocs\cakephp\app\webroot\index.php(117): Dispatcher->dispatch(Object(CakeRequest), Object(CakeResponse))
#3 {main}
2018-09-27 10:54:52 Error: [MissingActionException] Action EmployeeController::addEmployee() could not be found.
Exception Attributes: array (
  'controller' => 'EmployeeController',
  'action' => 'addEmployee',
)
Request URL: /cakephp/Employee/addEmployee
Stack Trace:
#0 E:\xampp\htdocs\cakephp\lib\Cake\Routing\Dispatcher.php(193): Controller->invokeAction(Object(CakeRequest))
#1 E:\xampp\htdocs\cakephp\lib\Cake\Routing\Dispatcher.php(167): Dispatcher->_invoke(Object(EmployeeController), Object(CakeRequest))
#2 E:\xampp\htdocs\cakephp\app\webroot\index.php(117): Dispatcher->dispatch(Object(CakeRequest), Object(CakeResponse))
#3 {main}
2018-09-27 10:55:13 Error: [MissingActionException] Action EmployeeController::addEmployee() could not be found.
Exception Attributes: array (
  'controller' => 'EmployeeController',
  'action' => 'addEmployee',
)
Request URL: /cakephp/Employee/addEmployee
Stack Trace:
#0 E:\xampp\htdocs\cakephp\lib\Cake\Routing\Dispatcher.php(193): Controller->invokeAction(Object(CakeRequest))
#1 E:\xampp\htdocs\cakephp\lib\Cake\Routing\Dispatcher.php(167): Dispatcher->_invoke(Object(EmployeeController), Object(CakeRequest))
#2 E:\xampp\htdocs\cakephp\app\webroot\index.php(117): Dispatcher->dispatch(Object(CakeRequest), Object(CakeResponse))
#3 {main}
2018-09-27 11:06:12 Error: [MissingActionException] Action EmployeeController::addEmployee() could not be found.
Exception Attributes: array (
  'controller' => 'EmployeeController',
  'action' => 'addEmployee',
)
Request URL: /cakephp/Employee/addEmployee
Stack Trace:
#0 E:\xampp\htdocs\cakephp\lib\Cake\Routing\Dispatcher.php(193): Controller->invokeAction(Object(CakeRequest))
#1 E:\xampp\htdocs\cakephp\lib\Cake\Routing\Dispatcher.php(167): Dispatcher->_invoke(Object(EmployeeController), Object(CakeRequest))
#2 E:\xampp\htdocs\cakephp\app\webroot\index.php(117): Dispatcher->dispatch(Object(CakeRequest), Object(CakeResponse))
#3 {main}
2018-09-27 11:06:59 Error: [MissingViewException] View file "Employee\addemployee.ctp" is missing.
Exception Attributes: array (
  'file' => 'Employee\\addemployee.ctp',
)
Request URL: /cakephp/Employee/addemployee
Stack Trace:
#0 E:\xampp\htdocs\cakephp\lib\Cake\View\View.php(470): View->_getViewFileName('Employee\\addemp...')
#1 E:\xampp\htdocs\cakephp\lib\Cake\Controller\Controller.php(963): View->render(NULL, NULL)
#2 E:\xampp\htdocs\cakephp\lib\Cake\Routing\Dispatcher.php(200): Controller->render()
#3 E:\xampp\htdocs\cakephp\lib\Cake\Routing\Dispatcher.php(167): Dispatcher->_invoke(Object(EmployeeController), Object(CakeRequest))
#4 E:\xampp\htdocs\cakephp\app\webroot\index.php(117): Dispatcher->dispatch(Object(CakeRequest), Object(CakeResponse))
#5 {main}
2018-09-27 11:09:22 Error: [MissingViewException] View file "Employee\addemployee.ctp" is missing.
Exception Attributes: array (
  'file' => 'Employee\\addemployee.ctp',
)
Request URL: /cakephp/Employee/addemployee
Stack Trace:
#0 E:\xampp\htdocs\cakephp\lib\Cake\View\View.php(470): View->_getViewFileName('Employee\\addemp...')
#1 E:\xampp\htdocs\cakephp\lib\Cake\Controller\Controller.php(963): View->render(NULL, NULL)
#2 E:\xampp\htdocs\cakephp\lib\Cake\Routing\Dispatcher.php(200): Controller->render()
#3 E:\xampp\htdocs\cakephp\lib\Cake\Routing\Dispatcher.php(167): Dispatcher->_invoke(Object(EmployeeController), Object(CakeRequest))
#4 E:\xampp\htdocs\cakephp\app\webroot\index.php(117): Dispatcher->dispatch(Object(CakeRequest), Object(CakeResponse))
#5 {main}
2018-09-27 11:09:59 Error: [MissingControllerException] Controller class AddemployeeController could not be found.
Exception Attributes: array (
  'class' => 'AddemployeeController',
  'plugin' => NULL,
)
Request URL: /cakephp/addemployee
Stack Trace:
#0 E:\xampp\htdocs\cakephp\app\webroot\index.php(117): Dispatcher->dispatch(Object(CakeRequest), Object(CakeResponse))
#1 {main}
2018-09-27 11:11:53 Error: [MissingControllerException] Controller class AddemployeeController could not be found.
Exception Attributes: array (
  'class' => 'AddemployeeController',
  'plugin' => NULL,
)
Request URL: /cakephp/addemployee
Stack Trace:
#0 E:\xampp\htdocs\cakephp\app\webroot\index.php(117): Dispatcher->dispatch(Object(CakeRequest), Object(CakeResponse))
#1 {main}
